1732028177648|5|statement|select * from information_schema.sequences
1732028177677|0|statement|select * from "public"."projet" where 1=0
1732028177682|0|statement|select * from "public"."users" where 1=0
1732028177691|0|statement|select * from "public"."projet" where 1=0
1732028177692|0|statement|select * from "public"."users" where 1=0
1732028193965|6|statement|insert into task (projet_id,status,title,users_id) values (NULL,'string','string',NULL)
1732028193975|2|commit|
1732028212678|3|statement|select t1_0.task_id,p1_0.projet_id,p1_0.description,p1_0.name,u1_0.projet_id,u1_1.users_id,u1_1.email,u1_1.name,t2_0.task_id,t2_0.projet_id,t2_0.status,t2_0.title,t1_0.status,t1_0.title,u2_0.users_id,u2_0.email,u2_0.name,p3_0.users_id,p3_1.projet_id,p3_1.description,p3_1.name,t3_0.projet_id,t3_0.task_id,t3_0.status,t3_0.title,t3_0.users_id from task t1_0 left join projet p1_0 on p1_0.projet_id=t1_0.projet_id left join users_projet u1_0 on p1_0.projet_id=u1_0.projet_id left join users u1_1 on u1_1.users_id=u1_0.users_id left join task t2_0 on u1_1.users_id=t2_0.users_id left join users u2_0 on u2_0.users_id=t1_0.users_id left join users_projet p3_0 on u2_0.users_id=p3_0.users_id left join projet p3_1 on p3_1.projet_id=p3_0.projet_id left join task t3_0 on p3_1.projet_id=t3_0.projet_id where t1_0.task_id=1
1732028212681|0|commit|
1732030500262|7|statement|insert into task (projet_id,status,title,users_id) values (NULL,'string','string',NULL)
1732030500265|2|commit|
1732030501205|1|statement|insert into task (projet_id,status,title,users_id) values (NULL,'string','string',NULL)
1732030501212|7|commit|
1732030501992|0|statement|insert into task (projet_id,status,title,users_id) values (NULL,'string','string',NULL)
1732030501993|0|commit|
1732030502171|1|statement|insert into task (projet_id,status,title,users_id) values (NULL,'string','string',NULL)
1732030502174|2|commit|
1732030502378|1|statement|insert into task (projet_id,status,title,users_id) values (NULL,'string','string',NULL)
1732030502380|0|commit|
1732030502546|1|statement|insert into task (projet_id,status,title,users_id) values (NULL,'string','string',NULL)
1732030502548|1|commit|
1732030502702|1|statement|insert into task (projet_id,status,title,users_id) values (NULL,'string','string',NULL)
1732030502704|1|commit|
1732030502875|2|statement|insert into task (projet_id,status,title,users_id) values (NULL,'string','string',NULL)
1732030502878|1|commit|
1732030503053|1|statement|insert into task (projet_id,status,title,users_id) values (NULL,'string','string',NULL)
1732030503054|1|commit|
1732030503251|4|statement|insert into task (projet_id,status,title,users_id) values (NULL,'string','string',NULL)
1732030503252|1|commit|
1732030503401|2|statement|insert into task (projet_id,status,title,users_id) values (NULL,'string','string',NULL)
1732030503403|1|commit|
1732030503576|2|statement|insert into task (projet_id,status,title,users_id) values (NULL,'string','string',NULL)
1732030503577|1|commit|
1732030503738|2|statement|insert into task (projet_id,status,title,users_id) values (NULL,'string','string',NULL)
1732030503741|1|commit|
1732030503913|1|statement|insert into task (projet_id,status,title,users_id) values (NULL,'string','string',NULL)
1732030503914|0|commit|
1732030504088|1|statement|insert into task (projet_id,status,title,users_id) values (NULL,'string','string',NULL)
1732030504089|1|commit|
1732030504260|1|statement|insert into task (projet_id,status,title,users_id) values (NULL,'string','string',NULL)
1732030504262|0|commit|
1732030504426|1|statement|insert into task (projet_id,status,title,users_id) values (NULL,'string','string',NULL)
1732030504428|1|commit|
1732030504587|1|statement|insert into task (projet_id,status,title,users_id) values (NULL,'string','string',NULL)
1732030504589|1|commit|
1732030504752|1|statement|insert into task (projet_id,status,title,users_id) values (NULL,'string','string',NULL)
1732030504754|1|commit|
1732030504910|1|statement|insert into task (projet_id,status,title,users_id) values (NULL,'string','string',NULL)
1732030504912|1|commit|
1732030505063|1|statement|insert into task (projet_id,status,title,users_id) values (NULL,'string','string',NULL)
1732030505068|3|commit|
1732030505231|1|statement|insert into task (projet_id,status,title,users_id) values (NULL,'string','string',NULL)
1732030505235|3|commit|
1732030505388|1|statement|insert into task (projet_id,status,title,users_id) values (NULL,'string','string',NULL)
1732030505394|4|commit|
1732030505552|1|statement|insert into task (projet_id,status,title,users_id) values (NULL,'string','string',NULL)
1732030505554|1|commit|
1732030505689|1|statement|insert into task (projet_id,status,title,users_id) values (NULL,'string','string',NULL)
1732030505692|2|commit|
1732030505863|1|statement|insert into task (projet_id,status,title,users_id) values (NULL,'string','string',NULL)
1732030505865|1|commit|
1732030506007|2|statement|insert into task (projet_id,status,title,users_id) values (NULL,'string','string',NULL)
1732030506011|1|commit|
1732030506256|1|statement|insert into task (projet_id,status,title,users_id) values (NULL,'string','string',NULL)
1732030506258|1|commit|
1732030517262|1|statement|select t1_0.task_id,t1_0.projet_id,t1_0.status,t1_0.title,t1_0.users_id from task t1_0 offset 10 rows fetch first 10 rows only
1732030517270|1|statement|select count(t1_0.task_id) from task t1_0
1732030517272|0|commit|
